Money for transfer 9958
Money on firstAcc 42
Money on secondAcc 19958
Money for transfer 29
Money on firstAcc 13
Money on secondAcc 19987
Money for transfer 6669
Money on thirdAcc 3331
Money on forthAcc 16669
Money for transfer 1
Money on firstAcc 12
Money on secondAcc 19988
Money for transfer 9
Money on firstAcc 3
Money on secondAcc 19997
Money for transfer 0
Money on firstAcc 3
Money on secondAcc 19997
Money for transfer 2047
Money on thirdAcc 1284
Money on forthAcc 18716
Money for transfer 593
Money on thirdAcc 691
Money on forthAcc 19309
Money for transfer 567
Money on thirdAcc 124
Money on forthAcc 19876
Money for transfer 63
Money on thirdAcc 61
Money on forthAcc 19939
Money for transfer 13
Money on thirdAcc 48
Money on forthAcc 19952
Money for transfer 34
Money on thirdAcc 14
Money on forthAcc 19986
Money for transfer 8
Money on thirdAcc 6
Money on forthAcc 19994
Money for transfer 4
Money on thirdAcc 2
Money on forthAcc 19998
Money for transfer 0
Money on firstAcc 3
Money on secondAcc 19997
Money for transfer 0
Money on thirdAcc 2
Money on forthAcc 19998
Money for transfer 0
Money on firstAcc 3
Money on secondAcc 19997
Money for transfer 2
Money on firstAcc 1
Money on secondAcc 19999
Money for transfer 0
Money on thirdAcc 2
Money on forthAcc 19998
Money for transfer 0
Money on firstAcc 1
Money on secondAcc 19999
Money for transfer 0
Money on firstAcc 1
Money on secondAcc 19999
Money for transfer 1
Money on thirdAcc 1
Money on forthAcc 19999
Money for transfer 0
Money on firstAcc 1
Money on secondAcc 19999
Money for transfer 0
Money on thirdAcc 1
Money on forthAcc 19999
Money for transfer 0
Money on thirdAcc 1
Money on forthAcc 19999
Money for transfer 0
Money on firstAcc 1
Money on secondAcc 19999
Money for transfer 0
Money on thirdAcc 1
Money on forthAcc 19999
Money for transfer 0
Money on firstAcc 1
Money on secondAcc 19999
Money for transfer 0
Money on firstAcc 1
Money on secondAcc 19999
Money for transfer 0
Money on firstAcc 1
Money on secondAcc 19999
