Money for transfer 4157
Money on firstAcc 5843
Money on secondAcc 14157
Money for transfer 2627
Money on firstAcc 3216
Money on secondAcc 16784
Money for transfer 4982
Money on thirdAcc 5018
Money on forthAcc 14982
Money for transfer 3870
Money on thirdAcc 1148
Money on forthAcc 18852
Money for transfer 994
Money on firstAcc 2222
Money on secondAcc 17778
Money for transfer 786
Money on thirdAcc 362
Money on forthAcc 19638
Money for transfer 1390
Money on firstAcc 832
Money on secondAcc 19168
Money for transfer 529
Money on firstAcc 303
Money on secondAcc 19697
Money for transfer 1
Money on thirdAcc 361
Money on forthAcc 19639
Money for transfer 290
Money on firstAcc 13
Money on secondAcc 19987
Money for transfer 153
Money on thirdAcc 208
Money on forthAcc 19792
Money for transfer 7
Money on firstAcc 6
Money on secondAcc 19994
Money for transfer 3
Money on firstAcc 3
Money on secondAcc 19997
Money for transfer 170
Money on thirdAcc 38
Money on forthAcc 19962
Money for transfer 9
Money on thirdAcc 29
Money on forthAcc 19971
Money for transfer 2
Money on firstAcc 1
Money on secondAcc 19999
Money for transfer 0
Money on firstAcc 1
Money on secondAcc 19999
Money for transfer 0
Money on firstAcc 1
Money on secondAcc 19999
Money for transfer 0
Money on firstAcc 1
Money on secondAcc 19999
Money for transfer 0
Money on firstAcc 1
Money on secondAcc 19999
Money for transfer 18
Money on thirdAcc 11
Money on forthAcc 19989
Money for transfer 8
Money on thirdAcc 3
Money on forthAcc 19997
Money for transfer 1
Money on thirdAcc 2
Money on forthAcc 19998
Money for transfer 0
Money on firstAcc 1
Money on secondAcc 19999
Money for transfer 0
Money on thirdAcc 2
Money on forthAcc 19998
Money for transfer 1
Money on thirdAcc 1
Money on forthAcc 19999
Money for transfer 0
Money on thirdAcc 1
Money on forthAcc 19999
Money for transfer 0
Money on firstAcc 1
Money on secondAcc 19999
Money for transfer 0
Money on thirdAcc 1
Money on forthAcc 19999
Money for transfer 0
Money on thirdAcc 1
Money on forthAcc 19999
